<?xml version="1.0" encoding="UTF-8"?>
<!-- Generated by org.testng.reporters.JUnitReportReporter -->
<testsuite hostname="DESKTOP-OFL8S08" failures="0" tests="3" name="excelDataProvider.dataProvider" time="0.019" errors="0" timestamp="2023-07-16T17:52:36 PKT" skipped="0">
  <testcase classname="excelDataProvider.dataProvider" name="testCases" time="0.003"/>
  <system-out/>
  <testcase classname="excelDataProvider.dataProvider" name="testCases" time="0.004"/>
  <system-out/>
  <testcase classname="excelDataProvider.dataProvider" name="testCases" time="0.012"/>
  <system-out/>
</testsuite> <!-- excelDataProvider.dataProvider -->
